2025-02-18 10:44:38,292 - INFO - 'D:\Data\SALAH\Linux\home\salah\Documents\.programming\Bootstrap\Developer' has created
2025-02-18 10:44:38,301 - INFO - 'D:\Data\SALAH\Linux\home\salah\Documents\.programming\Bootstrap\Project' has created
2025-02-18 10:44:38,321 - INFO - 'D:\Data\SALAH\Linux\home\salah\Documents\.programming\Bootstrap\Web' has created
2025-02-18 10:44:38,322 - INFO - 'D:\Data\SALAH\Linux\home\salah\Documents\.programming\Bootstrap\Developer\Project' has created
2025-02-18 10:44:38,322 - INFO - 'D:\Data\SALAH\Linux\home\salah\Documents\.programming\Bootstrap\Developer\Quick' has created
2025-02-18 10:44:38,322 - INFO - 'D:\Data\SALAH\Linux\home\salah\Documents\.programming\Bootstrap\Developer\Tutorial' has created
2025-02-18 10:44:38,323 - INFO - 'D:\Data\SALAH\Linux\home\salah\Documents\.programming\Bootstrap\Developer\Tutorial\Basic' has created
2025-02-18 10:44:38,324 - INFO - 'D:\Data\SALAH\Linux\home\salah\Documents\.programming\Bootstrap\Developer\Tutorial\Learn' has created
2025-02-18 10:46:22,856 - INFO - 'D:\Data\SALAH\Linux\home\salah\Documents\.programming\Bootstrap\Developer' has created
2025-02-18 10:46:22,856 - INFO - 'D:\Data\SALAH\Linux\home\salah\Documents\.programming\Bootstrap\Project' has created
2025-02-18 10:46:22,857 - INFO - 'D:\Data\SALAH\Linux\home\salah\Documents\.programming\Bootstrap\Web' has created
2025-02-18 10:46:22,857 - INFO - 'D:\Data\SALAH\Linux\home\salah\Documents\.programming\Bootstrap\Developer\Project' has created
2025-02-18 10:46:22,857 - INFO - 'D:\Data\SALAH\Linux\home\salah\Documents\.programming\Bootstrap\Developer\Quick' has created
2025-02-18 10:46:22,858 - INFO - 'D:\Data\SALAH\Linux\home\salah\Documents\.programming\Bootstrap\Developer\Tutorial' has created
2025-02-18 10:46:22,858 - INFO - 'D:\Data\SALAH\Linux\home\salah\Documents\.programming\Bootstrap\Developer\Tutorial\Basic' has created
2025-02-18 10:46:22,859 - INFO - 'D:\Data\SALAH\Linux\home\salah\Documents\.programming\Bootstrap\Developer\Tutorial\Learn' has created
2025-02-18 10:47:46,192 - INFO - 'D:\Data\SALAH\Linux\home\salah\Documents\.programming\Bootstrap\Developer' has created
2025-02-18 10:47:46,193 - INFO - 'D:\Data\SALAH\Linux\home\salah\Documents\.programming\Bootstrap\Project' has created
2025-02-18 10:47:46,193 - INFO - 'D:\Data\SALAH\Linux\home\salah\Documents\.programming\Bootstrap\Web' has created
2025-02-18 10:47:46,194 - INFO - 'D:\Data\SALAH\Linux\home\salah\Documents\.programming\Bootstrap\Developer\Project' has created
2025-02-18 10:47:46,194 - INFO - 'D:\Data\SALAH\Linux\home\salah\Documents\.programming\Bootstrap\Developer\Quick' has created
2025-02-18 10:47:46,195 - INFO - 'D:\Data\SALAH\Linux\home\salah\Documents\.programming\Bootstrap\Developer\Tutorial' has created
2025-02-18 10:47:46,195 - INFO - 'D:\Data\SALAH\Linux\home\salah\Documents\.programming\Bootstrap\Developer\Tutorial\Basic' has created
2025-02-18 10:47:46,196 - INFO - 'D:\Data\SALAH\Linux\home\salah\Documents\.programming\Bootstrap\Developer\Tutorial\Learn' has created
2025-02-18 10:48:59,185 - INFO - 'D:\Data\SALAH\Linux\home\salah\Documents\.programming\Bootstrap\Developer' has created
2025-02-18 10:48:59,185 - INFO - 'D:\Data\SALAH\Linux\home\salah\Documents\.programming\Bootstrap\Project' has created
2025-02-18 10:48:59,186 - INFO - 'D:\Data\SALAH\Linux\home\salah\Documents\.programming\Bootstrap\Web' has created
2025-02-18 10:48:59,186 - INFO - 'D:\Data\SALAH\Linux\home\salah\Documents\.programming\Bootstrap\Developer\Project' has created
2025-02-18 10:48:59,186 - INFO - 'D:\Data\SALAH\Linux\home\salah\Documents\.programming\Bootstrap\Developer\Quick' has created
2025-02-18 10:48:59,187 - INFO - 'D:\Data\SALAH\Linux\home\salah\Documents\.programming\Bootstrap\Developer\Tutorial' has created
2025-02-18 10:48:59,187 - INFO - 'D:\Data\SALAH\Linux\home\salah\Documents\.programming\Bootstrap\Developer\Tutorial\Basic' has created
2025-02-18 10:48:59,188 - INFO - 'D:\Data\SALAH\Linux\home\salah\Documents\.programming\Bootstrap\Developer\Tutorial\Learn' has created
2025-02-18 10:48:59,213 - INFO - 'D:\Data\SALAH\Linux\home\salah\Documents\.programming\Bash\Developer\Project\Command\dirprogramming' has modified (Bootstrap)
